<?xml version="1.0" encoding="UTF-8"?>
<robot generator="Robot 3.2.2 (Python 3.11.0 on win32)" generated="20221208 14:45:58.904" rpa="false">
<suite id="s1" name="Credor-Robot-Framework" source="F:\robo-framework\credor-robot-framework">
<suite id="s1-s1" name="Requirements" source="F:\robo-framework\credor-robot-framework\Requirements">
<suite id="s1-s1-s1" name="REQ 001 Login Function" source="F:\robo-framework\credor-robot-framework\Requirements\REQ_001_Login_Function">
<suite id="s1-s1-s1-s1" name="TS 001" source="F:\robo-framework\credor-robot-framework\Requirements\REQ_001_Login_Function\TS_001.robot">
<kw name="Set Screenshot Directory" library="SeleniumLibrary" type="setup">
<doc>Sets the directory for captured screenshots.</doc>
<arguments>
<arg>LOGDIR/Screenshots</arg>
</arguments>
<status status="PASS" starttime="20221208 14:45:59.239" endtime="20221208 14:45:59.240"></status>
</kw>
<test id="s1-s1-s1-s1-t1" name="TC_001_login_with_valid_credentials">
<kw name="Set Selenium Speed" library="SeleniumLibrary" type="setup">
<doc>Sets the delay that is waited after each Selenium command.</doc>
<arguments>
<arg>0.3</arg>
</arguments>
<status status="PASS" starttime="20221208 14:45:59.240" endtime="20221208 14:45:59.241"></status>
</kw>
<kw name="App_Launch_KW" library="keywords">
<kw name="Open Browser" library="SeleniumLibrary">
<doc>Opens a new browser instance to the optional ``url``.</doc>
<arguments>
<arg>${url}</arg>
<arg>${browser}</arg>
</arguments>
<msg timestamp="20221208 14:45:59.242" level="INFO">Opening browser 'Chrome' to base url 'https://credor-app.azurewebsites.net/'.</msg>
<status status="PASS" starttime="20221208 14:45:59.242" endtime="20221208 14:46:32.190"></status>
</kw>
<kw name="Maximize Browser Window" library="SeleniumLibrary">
<doc>Maximizes current browser window.</doc>
<status status="PASS" starttime="20221208 14:46:32.191" endtime="20221208 14:46:32.693"></status>
</kw>
<status status="PASS" starttime="20221208 14:45:59.241" endtime="20221208 14:46:32.695"></status>
</kw>
<kw name="Input Text" library="SeleniumLibrary">
<doc>Types the given ``text`` into the text field identified by ``locator``.</doc>
<arguments>
<arg>${login_email}</arg>
<arg>${investor-user}</arg>
</arguments>
<msg timestamp="20221208 14:46:32.697" level="INFO">Typing text 'maheswari.mahendran@excelenciaconsulting.com' into text field '//input[@id='login_email']'.</msg>
<status status="PASS" starttime="20221208 14:46:32.695" endtime="20221208 14:46:33.819"></status>
</kw>
<kw name="Input Password" library="SeleniumLibrary">
<doc>Types the given password into the text field identified by ``locator``.</doc>
<arguments>
<arg>${login_password}</arg>
<arg>${investor-password}</arg>
</arguments>
<msg timestamp="20221208 14:46:33.820" level="INFO">Typing password into text field '//input[@id='login_password']'.</msg>
<msg timestamp="20221208 14:46:34.467" level="INFO">Temporally setting log level to: NONE</msg>
<msg timestamp="20221208 14:46:34.831" level="INFO">Log level changed from NONE to INFO.</msg>
<status status="PASS" starttime="20221208 14:46:33.819" endtime="20221208 14:46:34.832"></status>
</kw>
<kw name="Click Element" library="SeleniumLibrary">
<doc>Click the element identified by ``locator``.</doc>
<arguments>
<arg>${login_submit}</arg>
</arguments>
<msg timestamp="20221208 14:46:34.833" level="INFO">Clicking element '//button[@id='login_submit']'.</msg>
<status status="PASS" starttime="20221208 14:46:34.832" endtime="20221208 14:46:35.491"></status>
</kw>
<kw name="Sleep" library="BuiltIn">
<doc>Pauses the test executed for the given time.</doc>
<arguments>
<arg>2</arg>
</arguments>
<msg timestamp="20221208 14:46:37.492" level="INFO">Slept 2 seconds</msg>
<status status="PASS" starttime="20221208 14:46:35.491" endtime="20221208 14:46:37.492"></status>
</kw>
<kw name="Click Element" library="SeleniumLibrary">
<doc>Click the element identified by ``locator``.</doc>
<arguments>
<arg>${pop-up_cancel}</arg>
</arguments>
<msg timestamp="20221208 14:46:37.493" level="INFO">Clicking element '//button[normalize-space()='Cancel']'.</msg>
<status status="PASS" starttime="20221208 14:46:37.493" endtime="20221208 14:46:38.206"></status>
</kw>
<kw name="Logout_KW" library="keywords">
<kw name="Click Element" library="SeleniumLibrary">
<doc>Click the element identified by ``locator``.</doc>
<arguments>
<arg>${logout_dropdown}</arg>
</arguments>
<msg timestamp="20221208 14:46:38.207" level="INFO">Clicking element '//a[@id='navbarDropdown']'.</msg>
<status status="PASS" starttime="20221208 14:46:38.207" endtime="20221208 14:46:38.898"></status>
</kw>
<kw name="Sleep" library="BuiltIn">
<doc>Pauses the test executed for the given time.</doc>
<arguments>
<arg>2</arg>
</arguments>
<msg timestamp="20221208 14:46:40.900" level="INFO">Slept 2 seconds</msg>
<status status="PASS" starttime="20221208 14:46:38.899" endtime="20221208 14:46:40.902"></status>
</kw>
<kw name="Click Element" library="SeleniumLibrary">
<doc>Click the element identified by ``locator``.</doc>
<arguments>
<arg>${logout_click}</arg>
</arguments>
<msg timestamp="20221208 14:46:40.905" level="INFO">Clicking element '//div[@class='nav-item dropdown show']//a[2]'.</msg>
<status status="PASS" starttime="20221208 14:46:40.903" endtime="20221208 14:46:42.529"></status>
</kw>
<status status="PASS" starttime="20221208 14:46:38.206" endtime="20221208 14:46:42.530"></status>
</kw>
<kw name="Close Browser" library="SeleniumLibrary">
<doc>Closes the current browser.</doc>
<status status="PASS" starttime="20221208 14:46:42.531" endtime="20221208 14:46:44.927"></status>
</kw>
<tags>
<tag>positive</tag>
</tags>
<status status="PASS" starttime="20221208 14:45:59.240" endtime="20221208 14:46:44.928" critical="yes"></status>
</test>
<test id="s1-s1-s1-s1-t2" name="TC_002_login_with_password_no_username">
<kw name="Set Selenium Speed" library="SeleniumLibrary" type="setup">
<doc>Sets the delay that is waited after each Selenium command.</doc>
<arguments>
<arg>0.3</arg>
</arguments>
<status status="PASS" starttime="20221208 14:46:44.930" endtime="20221208 14:46:44.931"></status>
</kw>
<kw name="App_Launch_KW" library="keywords">
<kw name="Open Browser" library="SeleniumLibrary">
<doc>Opens a new browser instance to the optional ``url``.</doc>
<arguments>
<arg>${url}</arg>
<arg>${browser}</arg>
</arguments>
<msg timestamp="20221208 14:46:44.933" level="INFO">Opening browser 'Chrome' to base url 'https://credor-app.azurewebsites.net/'.</msg>
<status status="PASS" starttime="20221208 14:46:44.932" endtime="20221208 14:47:20.260"></status>
</kw>
<kw name="Maximize Browser Window" library="SeleniumLibrary">
<doc>Maximizes current browser window.</doc>
<status status="PASS" starttime="20221208 14:47:20.261" endtime="20221208 14:47:20.725"></status>
</kw>
<status status="PASS" starttime="20221208 14:46:44.931" endtime="20221208 14:47:20.726"></status>
</kw>
<kw name="Input Text" library="SeleniumLibrary">
<doc>Types the given ``text`` into the text field identified by ``locator``.</doc>
<arguments>
<arg>${login_email}</arg>
<arg>${investor-user}</arg>
</arguments>
<msg timestamp="20221208 14:47:20.727" level="INFO">Typing text 'maheswari.mahendran@excelenciaconsulting.com' into text field '//input[@id='login_email']'.</msg>
<status status="PASS" starttime="20221208 14:47:20.726" endtime="20221208 14:47:21.837"></status>
</kw>
<kw name="Click Element" library="SeleniumLibrary">
<doc>Click the element identified by ``locator``.</doc>
<arguments>
<arg>${login_submit}</arg>
</arguments>
<msg timestamp="20221208 14:47:21.838" level="INFO">Clicking element '//button[@id='login_submit']'.</msg>
<status status="PASS" starttime="20221208 14:47:21.837" endtime="20221208 14:47:22.492"></status>
</kw>
<kw name="Element Should Be Visible" library="SeleniumLibrary">
<doc>Verifies that the element identified by ``locator`` is visible.</doc>
<arguments>
<arg>${password_required}</arg>
</arguments>
<msg timestamp="20221208 14:47:23.124" level="INFO">Element '//div[contains(text(),'Password is required')]' is displayed.</msg>
<status status="PASS" starttime="20221208 14:47:22.492" endtime="20221208 14:47:23.125"></status>
</kw>
<kw name="Get Text" library="SeleniumLibrary">
<doc>Returns the text value of the element identified by ``locator``.</doc>
<arguments>
<arg>${password_required}</arg>
</arguments>
<assign>
<var>${pwd-req-msg}</var>
</assign>
<msg timestamp="20221208 14:47:23.751" level="INFO">${pwd-req-msg} = Password is required</msg>
<status status="PASS" starttime="20221208 14:47:23.125" endtime="20221208 14:47:23.751"></status>
</kw>
<kw name="Should Be Equal" library="BuiltIn">
<doc>Fails if the given objects are unequal.</doc>
<arguments>
<arg>${pwd-req-msg}</arg>
<arg>Password is required</arg>
</arguments>
<status status="PASS" starttime="20221208 14:47:23.751" endtime="20221208 14:47:23.752"></status>
</kw>
<kw name="Close Browser" library="SeleniumLibrary">
<doc>Closes the current browser.</doc>
<status status="PASS" starttime="20221208 14:47:23.752" endtime="20221208 14:47:26.142"></status>
</kw>
<tags>
<tag>negative</tag>
</tags>
<status status="PASS" starttime="20221208 14:46:44.929" endtime="20221208 14:47:26.144" critical="yes"></status>
</test>
<test id="s1-s1-s1-s1-t3" name="TC_003_login_with_username_no_password">
<kw name="Set Selenium Speed" library="SeleniumLibrary" type="setup">
<doc>Sets the delay that is waited after each Selenium command.</doc>
<arguments>
<arg>0.3</arg>
</arguments>
<status status="PASS" starttime="20221208 14:47:26.147" endtime="20221208 14:47:26.149"></status>
</kw>
<kw name="App_Launch_KW" library="keywords">
<kw name="Open Browser" library="SeleniumLibrary">
<doc>Opens a new browser instance to the optional ``url``.</doc>
<arguments>
<arg>${url}</arg>
<arg>${browser}</arg>
</arguments>
<msg timestamp="20221208 14:47:26.153" level="INFO">Opening browser 'Chrome' to base url 'https://credor-app.azurewebsites.net/'.</msg>
<status status="PASS" starttime="20221208 14:47:26.151" endtime="20221208 14:48:11.622"></status>
</kw>
<kw name="Maximize Browser Window" library="SeleniumLibrary">
<doc>Maximizes current browser window.</doc>
<status status="PASS" starttime="20221208 14:48:11.624" endtime="20221208 14:48:12.119"></status>
</kw>
<status status="PASS" starttime="20221208 14:47:26.150" endtime="20221208 14:48:12.121"></status>
</kw>
<kw name="Input Password" library="SeleniumLibrary">
<doc>Types the given password into the text field identified by ``locator``.</doc>
<arguments>
<arg>${login_password}</arg>
<arg>${investor-password}</arg>
</arguments>
<msg timestamp="20221208 14:48:12.125" level="INFO">Typing password into text field '//input[@id='login_password']'.</msg>
<msg timestamp="20221208 14:48:12.870" level="INFO">Temporally setting log level to: NONE</msg>
<msg timestamp="20221208 14:48:13.243" level="INFO">Log level changed from NONE to INFO.</msg>
<status status="PASS" starttime="20221208 14:48:12.123" endtime="20221208 14:48:13.243"></status>
</kw>
<kw name="Click Element" library="SeleniumLibrary">
<doc>Click the element identified by ``locator``.</doc>
<arguments>
<arg>${login_submit}</arg>
</arguments>
<msg timestamp="20221208 14:48:13.244" level="INFO">Clicking element '//button[@id='login_submit']'.</msg>
<status status="PASS" starttime="20221208 14:48:13.243" endtime="20221208 14:48:13.907"></status>
</kw>
<kw name="Element Should Be Visible" library="SeleniumLibrary">
<doc>Verifies that the element identified by ``locator`` is visible.</doc>
<arguments>
<arg>${username_required}</arg>
</arguments>
<msg timestamp="20221208 14:48:14.537" level="INFO">Element '//div[contains(text(),'Username is required')]' is displayed.</msg>
<status status="PASS" starttime="20221208 14:48:13.907" endtime="20221208 14:48:14.537"></status>
</kw>
<kw name="Get Text" library="SeleniumLibrary">
<doc>Returns the text value of the element identified by ``locator``.</doc>
<arguments>
<arg>${username_required}</arg>
</arguments>
<assign>
<var>${usr-req-msg}</var>
</assign>
<msg timestamp="20221208 14:48:15.162" level="INFO">${usr-req-msg} = Username is required</msg>
<status status="PASS" starttime="20221208 14:48:14.537" endtime="20221208 14:48:15.162"></status>
</kw>
<kw name="Should Be Equal" library="BuiltIn">
<doc>Fails if the given objects are unequal.</doc>
<arguments>
<arg>${usr-req-msg}</arg>
<arg>Username is required</arg>
</arguments>
<status status="PASS" starttime="20221208 14:48:15.162" endtime="20221208 14:48:15.163"></status>
</kw>
<kw name="Close Browser" library="SeleniumLibrary">
<doc>Closes the current browser.</doc>
<status status="PASS" starttime="20221208 14:48:15.163" endtime="20221208 14:48:17.550"></status>
</kw>
<tags>
<tag>negative</tag>
</tags>
<status status="PASS" starttime="20221208 14:47:26.145" endtime="20221208 14:48:17.552" critical="yes"></status>
</test>
<test id="s1-s1-s1-s1-t4" name="TC_004_login_with_valid_username_with_valid_password_in_case_sensitive">
<kw name="Set Selenium Speed" library="SeleniumLibrary" type="setup">
<doc>Sets the delay that is waited after each Selenium command.</doc>
<arguments>
<arg>0.3</arg>
</arguments>
<status status="PASS" starttime="20221208 14:48:17.556" endtime="20221208 14:48:17.558"></status>
</kw>
<kw name="App_Launch_KW" library="keywords">
<kw name="Open Browser" library="SeleniumLibrary">
<doc>Opens a new browser instance to the optional ``url``.</doc>
<arguments>
<arg>${url}</arg>
<arg>${browser}</arg>
</arguments>
<msg timestamp="20221208 14:48:17.561" level="INFO">Opening browser 'Chrome' to base url 'https://credor-app.azurewebsites.net/'.</msg>
<status status="PASS" starttime="20221208 14:48:17.560" endtime="20221208 14:48:56.840"></status>
</kw>
<kw name="Maximize Browser Window" library="SeleniumLibrary">
<doc>Maximizes current browser window.</doc>
<status status="PASS" starttime="20221208 14:48:56.842" endtime="20221208 14:48:57.299"></status>
</kw>
<status status="PASS" starttime="20221208 14:48:17.558" endtime="20221208 14:48:57.301"></status>
</kw>
<kw name="Input Text" library="SeleniumLibrary">
<doc>Types the given ``text`` into the text field identified by ``locator``.</doc>
<arguments>
<arg>${login_email}</arg>
<arg>${investor-user}</arg>
</arguments>
<msg timestamp="20221208 14:48:57.303" level="INFO">Typing text 'maheswari.mahendran@excelenciaconsulting.com' into text field '//input[@id='login_email']'.</msg>
<status status="PASS" starttime="20221208 14:48:57.302" endtime="20221208 14:48:58.461"></status>
</kw>
<kw name="Input Password" library="SeleniumLibrary">
<doc>Types the given password into the text field identified by ``locator``.</doc>
<arguments>
<arg>${login_password}</arg>
<arg>${case-sensitive-investor-password}</arg>
</arguments>
<msg timestamp="20221208 14:48:58.461" level="INFO">Typing password into text field '//input[@id='login_password']'.</msg>
<msg timestamp="20221208 14:48:59.107" level="INFO">Temporally setting log level to: NONE</msg>
<msg timestamp="20221208 14:48:59.474" level="INFO">Log level changed from NONE to INFO.</msg>
<status status="PASS" starttime="20221208 14:48:58.461" endtime="20221208 14:48:59.474"></status>
</kw>
<kw name="Click Element" library="SeleniumLibrary">
<doc>Click the element identified by ``locator``.</doc>
<arguments>
<arg>${login_submit}</arg>
</arguments>
<msg timestamp="20221208 14:48:59.475" level="INFO">Clicking element '//button[@id='login_submit']'.</msg>
<status status="PASS" starttime="20221208 14:48:59.475" endtime="20221208 14:49:00.140"></status>
</kw>
<kw name="Wait Until Element Is Visible" library="SeleniumLibrary">
<doc>Waits until the element ``locator`` is visible.</doc>
<arguments>
<arg>${toast_message}</arg>
</arguments>
<status status="PASS" starttime="20221208 14:49:00.141" endtime="20221208 14:49:01.284"></status>
</kw>
<kw name="Get Text" library="SeleniumLibrary">
<doc>Returns the text value of the element identified by ``locator``.</doc>
<arguments>
<arg>${toast_message}</arg>
</arguments>
<assign>
<var>${Info!}</var>
</assign>
<msg timestamp="20221208 14:49:01.914" level="INFO">${Info!} = Info!
Invalid credentials</msg>
<status status="PASS" starttime="20221208 14:49:01.284" endtime="20221208 14:49:01.914"></status>
</kw>
<kw name="Should Be Equal" library="BuiltIn">
<doc>Fails if the given objects are unequal.</doc>
<arguments>
<arg>${Info!}</arg>
<arg>Info!\nInvalid credentials</arg>
</arguments>
<status status="PASS" starttime="20221208 14:49:01.915" endtime="20221208 14:49:01.916"></status>
</kw>
<kw name="Close Browser" library="SeleniumLibrary">
<doc>Closes the current browser.</doc>
<status status="PASS" starttime="20221208 14:49:01.916" endtime="20221208 14:49:04.316"></status>
</kw>
<tags>
<tag>negative</tag>
</tags>
<status status="PASS" starttime="20221208 14:48:17.553" endtime="20221208 14:49:04.317" critical="yes"></status>
</test>
<status status="PASS" starttime="20221208 14:45:58.973" endtime="20221208 14:49:04.321"></status>
</suite>
<suite id="s1-s1-s1-s2" name="TS 002" source="F:\robo-framework\credor-robot-framework\Requirements\REQ_001_Login_Function\TS_002.robot">
<kw name="Set Screenshot Directory" library="SeleniumLibrary" type="setup">
<doc>Sets the directory for captured screenshots.</doc>
<arguments>
<arg>LOGDIR/Screenshots</arg>
</arguments>
<status status="PASS" starttime="20221208 14:49:04.356" endtime="20221208 14:49:04.357"></status>
</kw>
<test id="s1-s1-s1-s2-t1" name="TC_005_login_with_invalid_credentials">
<kw name="Set Selenium Speed" library="SeleniumLibrary" type="setup">
<doc>Sets the delay that is waited after each Selenium command.</doc>
<arguments>
<arg>0.3</arg>
</arguments>
<status status="PASS" starttime="20221208 14:49:04.359" endtime="20221208 14:49:04.359"></status>
</kw>
<kw name="App_Launch_KW" library="keywords">
<kw name="Open Browser" library="SeleniumLibrary">
<doc>Opens a new browser instance to the optional ``url``.</doc>
<arguments>
<arg>${url}</arg>
<arg>${browser}</arg>
</arguments>
<msg timestamp="20221208 14:49:04.362" level="INFO">Opening browser 'Chrome' to base url 'https://credor-app.azurewebsites.net/'.</msg>
<status status="PASS" starttime="20221208 14:49:04.361" endtime="20221208 14:49:45.792"></status>
</kw>
<kw name="Maximize Browser Window" library="SeleniumLibrary">
<doc>Maximizes current browser window.</doc>
<status status="PASS" starttime="20221208 14:49:45.793" endtime="20221208 14:49:46.263"></status>
</kw>
<status status="PASS" starttime="20221208 14:49:04.359" endtime="20221208 14:49:46.264"></status>
</kw>
<kw name="Input Text" library="SeleniumLibrary">
<doc>Types the given ``text`` into the text field identified by ``locator``.</doc>
<arguments>
<arg>${login_email}</arg>
<arg>${investor-user}</arg>
</arguments>
<msg timestamp="20221208 14:49:46.267" level="INFO">Typing text 'maheswari.mahendran@excelenciaconsulting.com' into text field '//input[@id='login_email']'.</msg>
<status status="PASS" starttime="20221208 14:49:46.265" endtime="20221208 14:49:47.402"></status>
</kw>
<kw name="Input Password" library="SeleniumLibrary">
<doc>Types the given password into the text field identified by ``locator``.</doc>
<arguments>
<arg>${login_password}</arg>
<arg>${invalid-investor-pwd}</arg>
</arguments>
<msg timestamp="20221208 14:49:47.403" level="INFO">Typing password into text field '//input[@id='login_password']'.</msg>
<msg timestamp="20221208 14:49:48.053" level="INFO">Temporally setting log level to: NONE</msg>
<msg timestamp="20221208 14:49:48.414" level="INFO">Log level changed from NONE to INFO.</msg>
<status status="PASS" starttime="20221208 14:49:47.403" endtime="20221208 14:49:48.414"></status>
</kw>
<kw name="Click Element" library="SeleniumLibrary">
<doc>Click the element identified by ``locator``.</doc>
<arguments>
<arg>${login_submit}</arg>
</arguments>
<msg timestamp="20221208 14:49:48.415" level="INFO">Clicking element '//button[@id='login_submit']'.</msg>
<status status="PASS" starttime="20221208 14:49:48.414" endtime="20221208 14:49:49.072"></status>
</kw>
<kw name="Wait Until Element Is Visible" library="SeleniumLibrary">
<doc>Waits until the element ``locator`` is visible.</doc>
<arguments>
<arg>${toast_message}</arg>
</arguments>
<status status="PASS" starttime="20221208 14:49:49.072" endtime="20221208 14:49:50.213"></status>
</kw>
<kw name="Get Text" library="SeleniumLibrary">
<doc>Returns the text value of the element identified by ``locator``.</doc>
<arguments>
<arg>${toast_message}</arg>
</arguments>
<assign>
<var>${Info!}</var>
</assign>
<msg timestamp="20221208 14:49:50.841" level="INFO">${Info!} = Info!
Invalid credentials</msg>
<status status="PASS" starttime="20221208 14:49:50.213" endtime="20221208 14:49:50.841"></status>
</kw>
<kw name="Should Be Equal" library="BuiltIn">
<doc>Fails if the given objects are unequal.</doc>
<arguments>
<arg>${Info!}</arg>
<arg>Info!\nInvalid credentials</arg>
</arguments>
<status status="PASS" starttime="20221208 14:49:50.841" endtime="20221208 14:49:50.842"></status>
</kw>
<kw name="Close Browser" library="SeleniumLibrary">
<doc>Closes the current browser.</doc>
<status status="PASS" starttime="20221208 14:49:50.842" endtime="20221208 14:49:53.228"></status>
</kw>
<tags>
<tag>negative</tag>
</tags>
<status status="PASS" starttime="20221208 14:49:04.357" endtime="20221208 14:49:53.228" critical="yes"></status>
</test>
<test id="s1-s1-s1-s2-t2" name="TC_006_invalid_username_and_valid_password">
<kw name="Set Selenium Speed" library="SeleniumLibrary" type="setup">
<doc>Sets the delay that is waited after each Selenium command.</doc>
<arguments>
<arg>0.3</arg>
</arguments>
<status status="PASS" starttime="20221208 14:49:53.231" endtime="20221208 14:49:53.232"></status>
</kw>
<kw name="App_Launch_KW" library="keywords">
<kw name="Open Browser" library="SeleniumLibrary">
<doc>Opens a new browser instance to the optional ``url``.</doc>
<arguments>
<arg>${url}</arg>
<arg>${browser}</arg>
</arguments>
<msg timestamp="20221208 14:49:53.235" level="INFO">Opening browser 'Chrome' to base url 'https://credor-app.azurewebsites.net/'.</msg>
<status status="PASS" starttime="20221208 14:49:53.234" endtime="20221208 14:50:42.782"></status>
</kw>
<kw name="Maximize Browser Window" library="SeleniumLibrary">
<doc>Maximizes current browser window.</doc>
<status status="PASS" starttime="20221208 14:50:42.783" endtime="20221208 14:50:43.270"></status>
</kw>
<status status="PASS" starttime="20221208 14:49:53.233" endtime="20221208 14:50:43.272"></status>
</kw>
<kw name="Input Text" library="SeleniumLibrary">
<doc>Types the given ``text`` into the text field identified by ``locator``.</doc>
<arguments>
<arg>${login_email}</arg>
<arg>${invalid-investor-user}</arg>
</arguments>
<msg timestamp="20221208 14:50:43.275" level="INFO">Typing text 'maheswar.mahendran@excelenciaconsulting.com' into text field '//input[@id='login_email']'.</msg>
<status status="PASS" starttime="20221208 14:50:43.273" endtime="20221208 14:50:44.403"></status>
</kw>
<kw name="Input Password" library="SeleniumLibrary">
<doc>Types the given password into the text field identified by ``locator``.</doc>
<arguments>
<arg>${login_password}</arg>
<arg>${investor-password}</arg>
</arguments>
<msg timestamp="20221208 14:50:44.404" level="INFO">Typing password into text field '//input[@id='login_password']'.</msg>
<msg timestamp="20221208 14:50:45.052" level="INFO">Temporally setting log level to: NONE</msg>
<msg timestamp="20221208 14:50:45.417" level="INFO">Log level changed from NONE to INFO.</msg>
<status status="PASS" starttime="20221208 14:50:44.403" endtime="20221208 14:50:45.417"></status>
</kw>
<kw name="Click Element" library="SeleniumLibrary">
<doc>Click the element identified by ``locator``.</doc>
<arguments>
<arg>${login_submit}</arg>
</arguments>
<msg timestamp="20221208 14:50:45.418" level="INFO">Clicking element '//button[@id='login_submit']'.</msg>
<status status="PASS" starttime="20221208 14:50:45.417" endtime="20221208 14:50:46.075"></status>
</kw>
<kw name="Wait Until Element Is Visible" library="SeleniumLibrary">
<doc>Waits until the element ``locator`` is visible.</doc>
<arguments>
<arg>${toast_message}</arg>
</arguments>
<status status="PASS" starttime="20221208 14:50:46.075" endtime="20221208 14:50:47.219"></status>
</kw>
<kw name="Get Text" library="SeleniumLibrary">
<doc>Returns the text value of the element identified by ``locator``.</doc>
<arguments>
<arg>${toast_message}</arg>
</arguments>
<assign>
<var>${Info!}</var>
</assign>
<msg timestamp="20221208 14:50:47.849" level="INFO">${Info!} = Info!
Invalid credentials</msg>
<status status="PASS" starttime="20221208 14:50:47.220" endtime="20221208 14:50:47.850"></status>
</kw>
<kw name="Should Be Equal" library="BuiltIn">
<doc>Fails if the given objects are unequal.</doc>
<arguments>
<arg>${Info!}</arg>
<arg>Info!\nInvalid credentials</arg>
</arguments>
<status status="PASS" starttime="20221208 14:50:47.850" endtime="20221208 14:50:47.851"></status>
</kw>
<kw name="Close Browser" library="SeleniumLibrary">
<doc>Closes the current browser.</doc>
<status status="PASS" starttime="20221208 14:50:47.851" endtime="20221208 14:50:50.244"></status>
</kw>
<tags>
<tag>negative</tag>
</tags>
<status status="PASS" starttime="20221208 14:49:53.230" endtime="20221208 14:50:50.245" critical="yes"></status>
</test>
<test id="s1-s1-s1-s2-t3" name="TC_007_login_with_valid_username_and_invalid_password">
<kw name="Set Selenium Speed" library="SeleniumLibrary" type="setup">
<doc>Sets the delay that is waited after each Selenium command.</doc>
<arguments>
<arg>0.3</arg>
</arguments>
<status status="PASS" starttime="20221208 14:50:50.249" endtime="20221208 14:50:50.251"></status>
</kw>
<kw name="App_Launch_KW" library="keywords">
<kw name="Open Browser" library="SeleniumLibrary">
<doc>Opens a new browser instance to the optional ``url``.</doc>
<arguments>
<arg>${url}</arg>
<arg>${browser}</arg>
</arguments>
<msg timestamp="20221208 14:50:50.254" level="INFO">Opening browser 'Chrome' to base url 'https://credor-app.azurewebsites.net/'.</msg>
<status status="PASS" starttime="20221208 14:50:50.253" endtime="20221208 14:51:36.162"></status>
</kw>
<kw name="Maximize Browser Window" library="SeleniumLibrary">
<doc>Maximizes current browser window.</doc>
<status status="PASS" starttime="20221208 14:51:36.163" endtime="20221208 14:51:36.653"></status>
</kw>
<status status="PASS" starttime="20221208 14:50:50.251" endtime="20221208 14:51:36.655"></status>
</kw>
<kw name="Input Text" library="SeleniumLibrary">
<doc>Types the given ``text`` into the text field identified by ``locator``.</doc>
<arguments>
<arg>${login_email}</arg>
<arg>${investor-user}</arg>
</arguments>
<msg timestamp="20221208 14:51:36.658" level="INFO">Typing text 'maheswari.mahendran@excelenciaconsulting.com' into text field '//input[@id='login_email']'.</msg>
<status status="PASS" starttime="20221208 14:51:36.656" endtime="20221208 14:51:37.821"></status>
</kw>
<kw name="Input Password" library="SeleniumLibrary">
<doc>Types the given password into the text field identified by ``locator``.</doc>
<arguments>
<arg>${login_password}</arg>
<arg>${invalid-investor-pwd}</arg>
</arguments>
<msg timestamp="20221208 14:51:37.821" level="INFO">Typing password into text field '//input[@id='login_password']'.</msg>
<msg timestamp="20221208 14:51:38.472" level="INFO">Temporally setting log level to: NONE</msg>
<msg timestamp="20221208 14:51:38.831" level="INFO">Log level changed from NONE to INFO.</msg>
<status status="PASS" starttime="20221208 14:51:37.821" endtime="20221208 14:51:38.831"></status>
</kw>
<kw name="Click Element" library="SeleniumLibrary">
<doc>Click the element identified by ``locator``.</doc>
<arguments>
<arg>${login_submit}</arg>
</arguments>
<msg timestamp="20221208 14:51:38.832" level="INFO">Clicking element '//button[@id='login_submit']'.</msg>
<status status="PASS" starttime="20221208 14:51:38.831" endtime="20221208 14:51:39.489"></status>
</kw>
<kw name="Wait Until Element Is Visible" library="SeleniumLibrary">
<doc>Waits until the element ``locator`` is visible.</doc>
<arguments>
<arg>${toast_message}</arg>
</arguments>
<status status="PASS" starttime="20221208 14:51:39.489" endtime="20221208 14:51:40.632"></status>
</kw>
<kw name="Get Text" library="SeleniumLibrary">
<doc>Returns the text value of the element identified by ``locator``.</doc>
<arguments>
<arg>${toast_message}</arg>
</arguments>
<assign>
<var>${Info!}</var>
</assign>
<msg timestamp="20221208 14:51:41.263" level="INFO">${Info!} = Info!
Invalid credentials</msg>
<status status="PASS" starttime="20221208 14:51:40.632" endtime="20221208 14:51:41.263"></status>
</kw>
<kw name="Should Be Equal" library="BuiltIn">
<doc>Fails if the given objects are unequal.</doc>
<arguments>
<arg>${Info!}</arg>
<arg>Info!\nInvalid credentials</arg>
</arguments>
<status status="PASS" starttime="20221208 14:51:41.263" endtime="20221208 14:51:41.264"></status>
</kw>
<kw name="Close Browser" library="SeleniumLibrary">
<doc>Closes the current browser.</doc>
<status status="PASS" starttime="20221208 14:51:41.264" endtime="20221208 14:51:43.656"></status>
</kw>
<tags>
<tag>negative</tag>
</tags>
<status status="PASS" starttime="20221208 14:50:50.247" endtime="20221208 14:51:43.658" critical="yes"></status>
</test>
<test id="s1-s1-s1-s2-t4" name="TC_008_ login_without_username_and_password">
<kw name="Set Selenium Speed" library="SeleniumLibrary" type="setup">
<doc>Sets the delay that is waited after each Selenium command.</doc>
<arguments>
<arg>0.3</arg>
</arguments>
<status status="PASS" starttime="20221208 14:51:43.660" endtime="20221208 14:51:43.661"></status>
</kw>
<kw name="App_Launch_KW" library="keywords">
<kw name="Open Browser" library="SeleniumLibrary">
<doc>Opens a new browser instance to the optional ``url``.</doc>
<arguments>
<arg>${url}</arg>
<arg>${browser}</arg>
</arguments>
<msg timestamp="20221208 14:51:43.662" level="INFO">Opening browser 'Chrome' to base url 'https://credor-app.azurewebsites.net/'.</msg>
<status status="PASS" starttime="20221208 14:51:43.662" endtime="20221208 14:52:34.474"></status>
</kw>
<kw name="Maximize Browser Window" library="SeleniumLibrary">
<doc>Maximizes current browser window.</doc>
<status status="PASS" starttime="20221208 14:52:34.475" endtime="20221208 14:52:34.925"></status>
</kw>
<status status="PASS" starttime="20221208 14:51:43.661" endtime="20221208 14:52:34.927"></status>
</kw>
<kw name="Click Element" library="SeleniumLibrary">
<doc>Click the element identified by ``locator``.</doc>
<arguments>
<arg>${login_submit}</arg>
</arguments>
<msg timestamp="20221208 14:52:34.931" level="INFO">Clicking element '//button[@id='login_submit']'.</msg>
<status status="PASS" starttime="20221208 14:52:34.929" endtime="20221208 14:52:35.704"></status>
</kw>
<kw name="Element Should Be Visible" library="SeleniumLibrary">
<doc>Verifies that the element identified by ``locator`` is visible.</doc>
<arguments>
<arg>${username_required}</arg>
</arguments>
<msg timestamp="20221208 14:52:36.336" level="INFO">Element '//div[contains(text(),'Username is required')]' is displayed.</msg>
<status status="PASS" starttime="20221208 14:52:35.704" endtime="20221208 14:52:36.336"></status>
</kw>
<kw name="Get Text" library="SeleniumLibrary">
<doc>Returns the text value of the element identified by ``locator``.</doc>
<arguments>
<arg>${username_required}</arg>
</arguments>
<assign>
<var>${usr-req-msg}</var>
</assign>
<msg timestamp="20221208 14:52:36.960" level="INFO">${usr-req-msg} = Username is required</msg>
<status status="PASS" starttime="20221208 14:52:36.337" endtime="20221208 14:52:36.960"></status>
</kw>
<kw name="Should Be Equal" library="BuiltIn">
<doc>Fails if the given objects are unequal.</doc>
<arguments>
<arg>${usr-req-msg}</arg>
<arg>Username is required</arg>
</arguments>
<status status="PASS" starttime="20221208 14:52:36.960" endtime="20221208 14:52:36.960"></status>
</kw>
<kw name="Element Should Be Visible" library="SeleniumLibrary">
<doc>Verifies that the element identified by ``locator`` is visible.</doc>
<arguments>
<arg>${password_required}</arg>
</arguments>
<msg timestamp="20221208 14:52:37.589" level="INFO">Element '//div[contains(text(),'Password is required')]' is displayed.</msg>
<status status="PASS" starttime="20221208 14:52:36.960" endtime="20221208 14:52:37.589"></status>
</kw>
<kw name="Get Text" library="SeleniumLibrary">
<doc>Returns the text value of the element identified by ``locator``.</doc>
<arguments>
<arg>${password_required}</arg>
</arguments>
<assign>
<var>${pwd-req-msg}</var>
</assign>
<msg timestamp="20221208 14:52:38.212" level="INFO">${pwd-req-msg} = Password is required</msg>
<status status="PASS" starttime="20221208 14:52:37.589" endtime="20221208 14:52:38.212"></status>
</kw>
<kw name="Should Be Equal" library="BuiltIn">
<doc>Fails if the given objects are unequal.</doc>
<arguments>
<arg>${pwd-req-msg}</arg>
<arg>Password is require</arg>
</arguments>
<msg timestamp="20221208 14:52:38.213" level="FAIL">Password is required != Password is require</msg>
<status status="FAIL" starttime="20221208 14:52:38.212" endtime="20221208 14:52:38.213"></status>
</kw>
<tags>
<tag>negative</tag>
</tags>
<status status="FAIL" starttime="20221208 14:51:43.659" endtime="20221208 14:52:38.214" critical="yes">Password is required != Password is require</status>
</test>
<status status="FAIL" starttime="20221208 14:49:04.333" endtime="20221208 14:52:38.216"></status>
</suite>
<status status="FAIL" starttime="20221208 14:45:58.971" endtime="20221208 14:52:38.220"></status>
</suite>
<status status="FAIL" starttime="20221208 14:45:58.968" endtime="20221208 14:52:38.223"></status>
</suite>
<status status="FAIL" starttime="20221208 14:45:58.949" endtime="20221208 14:52:38.225"></status>
</suite>
<statistics>
<total>
<stat pass="7" fail="1">Critical Tests</stat>
<stat pass="7" fail="1">All Tests</stat>
</total>
<tag>
<stat pass="6" fail="1">negative</stat>
<stat pass="1" fail="0">positive</stat>
</tag>
<suite>
<stat pass="7" fail="1" id="s1" name="Credor-Robot-Framework">Credor-Robot-Framework</stat>
<stat pass="7" fail="1" id="s1-s1" name="Requirements">Credor-Robot-Framework.Requirements</stat>
<stat pass="7" fail="1" id="s1-s1-s1" name="REQ 001 Login Function">Credor-Robot-Framework.Requirements.REQ 001 Login Function</stat>
<stat pass="4" fail="0" id="s1-s1-s1-s1" name="TS 001">Credor-Robot-Framework.Requirements.REQ 001 Login Function.TS 001</stat>
<stat pass="3" fail="1" id="s1-s1-s1-s2" name="TS 002">Credor-Robot-Framework.Requirements.REQ 001 Login Function.TS 002</stat>
</suite>
</statistics>
<errors>
</errors>
</robot>
