<?xml version="1.0" encoding="UTF-8"?>
<robot generator="Robot 3.2.2 (Python 3.11.0 on win32)" generated="20221209 12:13:15.482" rpa="false">
<suite id="s1" name="Credor-Robot-Framework" source="F:\robo-framework\credor-robot-framework">
<suite id="s1-s1" name="Requirements" source="F:\robo-framework\credor-robot-framework\Requirements">
<suite id="s1-s1-s1" name="REQ 001 Login Function" source="F:\robo-framework\credor-robot-framework\Requirements\REQ_001_Login_Function">
<suite id="s1-s1-s1-s1" name="TS 001" source="F:\robo-framework\credor-robot-framework\Requirements\REQ_001_Login_Function\TS_001.robot">
<kw name="Set Screenshot Directory" library="SeleniumLibrary" type="setup">
<doc>Sets the directory for captured screenshots.</doc>
<arguments>
<arg>LOGDIR/Screenshots</arg>
</arguments>
<status status="PASS" starttime="20221209 12:13:15.807" endtime="20221209 12:13:15.808"></status>
</kw>
<test id="s1-s1-s1-s1-t1" name="TC_001_login_with_valid_credentials">
<kw name="Set Selenium Speed" library="SeleniumLibrary" type="setup">
<doc>Sets the delay that is waited after each Selenium command.</doc>
<arguments>
<arg>0.3</arg>
</arguments>
<status status="PASS" starttime="20221209 12:13:15.808" endtime="20221209 12:13:15.809"></status>
</kw>
<kw name="App_Launch_KW" library="keywords">
<kw name="Open Browser" library="SeleniumLibrary">
<doc>Opens a new browser instance to the optional ``url``.</doc>
<arguments>
<arg>${url}</arg>
<arg>${browser}</arg>
</arguments>
<msg timestamp="20221209 12:13:15.809" level="INFO">Opening browser 'Chrome' to base url 'https://credor-app.azurewebsites.net/'.</msg>
<status status="PASS" starttime="20221209 12:13:15.809" endtime="20221209 12:13:32.822"></status>
</kw>
<kw name="Maximize Browser Window" library="SeleniumLibrary">
<doc>Maximizes current browser window.</doc>
<status status="PASS" starttime="20221209 12:13:32.824" endtime="20221209 12:13:33.317"></status>
</kw>
<status status="PASS" starttime="20221209 12:13:15.809" endtime="20221209 12:13:33.319"></status>
</kw>
<kw name="Input Text" library="SeleniumLibrary">
<doc>Types the given ``text`` into the text field identified by ``locator``.</doc>
<arguments>
<arg>${login_email}</arg>
<arg>${investor-user}</arg>
</arguments>
<msg timestamp="20221209 12:13:33.321" level="INFO">Typing text 'maheswari.mahendran@excelenciaconsulting.com' into text field '//input[@id='login_email']'.</msg>
<status status="PASS" starttime="20221209 12:13:33.320" endtime="20221209 12:13:34.417"></status>
</kw>
<kw name="Input Password" library="SeleniumLibrary">
<doc>Types the given password into the text field identified by ``locator``.</doc>
<arguments>
<arg>${login_password}</arg>
<arg>${investor-password}</arg>
</arguments>
<msg timestamp="20221209 12:13:34.417" level="INFO">Typing password into text field '//input[@id='login_password']'.</msg>
<msg timestamp="20221209 12:13:35.057" level="INFO">Temporally setting log level to: NONE</msg>
<msg timestamp="20221209 12:13:35.414" level="INFO">Log level changed from NONE to INFO.</msg>
<status status="PASS" starttime="20221209 12:13:34.417" endtime="20221209 12:13:35.414"></status>
</kw>
<kw name="Click Element" library="SeleniumLibrary">
<doc>Click the element identified by ``locator``.</doc>
<arguments>
<arg>${login_submit}</arg>
</arguments>
<msg timestamp="20221209 12:13:35.415" level="INFO">Clicking element '//button[@id='login_submit']'.</msg>
<status status="PASS" starttime="20221209 12:13:35.414" endtime="20221209 12:13:36.065"></status>
</kw>
<kw name="Sleep" library="BuiltIn">
<doc>Pauses the test executed for the given time.</doc>
<arguments>
<arg>2</arg>
</arguments>
<msg timestamp="20221209 12:13:38.066" level="INFO">Slept 2 seconds</msg>
<status status="PASS" starttime="20221209 12:13:36.065" endtime="20221209 12:13:38.066"></status>
</kw>
<kw name="Click Element" library="SeleniumLibrary">
<doc>Click the element identified by ``locator``.</doc>
<arguments>
<arg>${pop-up_cancel}</arg>
</arguments>
<msg timestamp="20221209 12:13:38.067" level="INFO">Clicking element '//button[normalize-space()='Cancel']'.</msg>
<status status="PASS" starttime="20221209 12:13:38.066" endtime="20221209 12:13:38.735"></status>
</kw>
<kw name="Logout_KW" library="keywords">
<kw name="Click Element" library="SeleniumLibrary">
<doc>Click the element identified by ``locator``.</doc>
<arguments>
<arg>${logout_dropdown}</arg>
</arguments>
<msg timestamp="20221209 12:13:38.735" level="INFO">Clicking element '//a[@id='navbarDropdown']'.</msg>
<status status="PASS" starttime="20221209 12:13:38.735" endtime="20221209 12:13:39.383"></status>
</kw>
<kw name="Sleep" library="BuiltIn">
<doc>Pauses the test executed for the given time.</doc>
<arguments>
<arg>2</arg>
</arguments>
<msg timestamp="20221209 12:13:41.384" level="INFO">Slept 2 seconds</msg>
<status status="PASS" starttime="20221209 12:13:39.383" endtime="20221209 12:13:41.385"></status>
</kw>
<kw name="Click Element" library="SeleniumLibrary">
<doc>Click the element identified by ``locator``.</doc>
<arguments>
<arg>${logout_click}</arg>
</arguments>
<msg timestamp="20221209 12:13:41.387" level="INFO">Clicking element '//div[@class='nav-item dropdown show']//a[2]'.</msg>
<status status="PASS" starttime="20221209 12:13:41.386" endtime="20221209 12:13:42.467"></status>
</kw>
<status status="PASS" starttime="20221209 12:13:38.735" endtime="20221209 12:13:42.467"></status>
</kw>
<kw name="Close Browser" library="SeleniumLibrary">
<doc>Closes the current browser.</doc>
<status status="PASS" starttime="20221209 12:13:42.468" endtime="20221209 12:13:44.856"></status>
</kw>
<tags>
<tag>positive</tag>
</tags>
<status status="PASS" starttime="20221209 12:13:15.808" endtime="20221209 12:13:44.857" critical="yes"></status>
</test>
<status status="PASS" starttime="20221209 12:13:15.550" endtime="20221209 12:13:44.858"></status>
</suite>
<status status="PASS" starttime="20221209 12:13:15.547" endtime="20221209 12:13:44.860"></status>
</suite>
<status status="PASS" starttime="20221209 12:13:15.544" endtime="20221209 12:13:44.862"></status>
</suite>
<status status="PASS" starttime="20221209 12:13:15.521" endtime="20221209 12:13:44.864"></status>
</suite>
<statistics>
<total>
<stat pass="1" fail="0">Critical Tests</stat>
<stat pass="1" fail="0">All Tests</stat>
</total>
<tag>
<stat pass="1" fail="0">positive</stat>
</tag>
<suite>
<stat pass="1" fail="0" id="s1" name="Credor-Robot-Framework">Credor-Robot-Framework</stat>
<stat pass="1" fail="0" id="s1-s1" name="Requirements">Credor-Robot-Framework.Requirements</stat>
<stat pass="1" fail="0" id="s1-s1-s1" name="REQ 001 Login Function">Credor-Robot-Framework.Requirements.REQ 001 Login Function</stat>
<stat pass="1" fail="0" id="s1-s1-s1-s1" name="TS 001">Credor-Robot-Framework.Requirements.REQ 001 Login Function.TS 001</stat>
</suite>
</statistics>
<errors>
</errors>
</robot>
